<?xml version="1.0" encoding="UTF-8"?>
<!-- Generated by org.testng.reporters.JUnitReportReporter -->
<testsuite skipped="0" hostname="GLN-PC" name="TestSample" tests="1" failures="0" timestamp="05 Aug 2017 10:02:51 GMT" time="0.028" errors="0">
  <testcase name="TestOne" time="0.028" classname="TestSample"/>
</testsuite> <!-- TestSample -->
